<?xml version="1.0" encoding="UTF-8"?>
<!-- Generated by org.testng.reporters.JUnitReportReporter -->
<testsuite skipped="0" hostname="Jigars-MacBook-Pro.local" name="docker.FirefoxDockerDemo" tests="1" failures="0" timestamp="16 Sep 2019 19:18:35 GMT" time="23.921" errors="0">
  <testcase name="testApp" time="23.921" classname="docker.FirefoxDockerDemo"/>
</testsuite> <!-- docker.FirefoxDockerDemo -->
